<?xml version="1.0" encoding="UTF-8"?>
<testsuite name="Paytm Test" tests="1" skipped="0" failures="0" errors="0" timestamp="2021-07-11T14:52:04" hostname="LAPTOP-4H6OV0G5" time="98.688">
  <properties/>
  <testcase name="Run an Automation Test session based" classname="Paytm Test" time="98.688"/>
  <system-out><![CDATA[Product Name[4.392 Ratings & 16 Reviews, 8 GB RAM | 512 GB ROM | Expandable Upto 512 GB
15.49 cm (6.1 inch) Quad HD+ Display
16MP + 12MP | 10MP Front Camera
3400 mAh Lithium-ion Battery
Exynos 9 9820 Processor
Brand Warranty of 1 Year Available for Mobile and 6 Months for Accessories, 4.4222 Ratings & 24 Reviews, 8 GB RAM | 128 GB ROM | Expandable Upto 512 GB
15.49 cm (6.1 inch) Quad HD+ Display
16MP + 12MP | 10MP Front Camera
3400 mAh Lithium-ion Battery
Exynos 9 9820 Processor
Brand Warranty of 1 Year Available for Mobile and 6 Months for Accessories, 6 GB RAM | 64 GB ROM | Expandable Upto 400 GB
15.75 cm (6.2 inch) Quad HD+ Display
12MP + 12MP | 8MP Front Camera
3500 mAh Battery
Exynos 9810 Processor
Brand Warranty of 1 Year Available for Mobile and 6 Months for Accessories, 4661 Ratings & 84 Reviews, 4661 Ratings & 84 Reviews, 4661 Ratings & 84 Reviews, 4.418,998 Ratings & 2,831 Reviews, 4661 Ratings & 84 Reviews, 4.41,108 Ratings & 117 Reviews, 4.41,108 Ratings & 117 Reviews, 4.2261 Ratings & 14 Reviews, 4.2250 Ratings & 21 Reviews, 4.31,202 Ratings & 91 Reviews, 4.31,202 Ratings & 91 Reviews, 4.27,097 Ratings & 647 Reviews, 4.27,097 Ratings & 647 Reviews, 4.27,097 Ratings & 647 Reviews, 4.27,097 Ratings & 647 Reviews, SAMSUNG Galaxy A21s (Black, 64 GB), 4.21,647 Ratings & 101 Reviews, 4.21,647 Ratings & 101 Reviews, 4.21,647 Ratings & 101 Reviews]
Product Price[, No Cost EMI from ?10,134/month, ?1,04,999, No Cost EMI from ?7,801/month, Upto 
?15,300
 Off on Exchange, ?65,999, ?65,999, ?65,999, ?83,000, , , , ?24,999, ?22,000, ?22,495, ?19,490, ?18,999, ?18,999, , , ?14,990, ?11,499, ?11,499, ?11,499]
Product Link[https://www.flipkart.com/samsung-galaxy-s20-ultra-cosmic-gray-128-gb/p/itma25b4687846b4?pid=MOBFZXZ22CWZ2JZB&lid=LSTMOBFZXZ22CWZ2JZB7GKWML&marketplace=FLIPKART&q=Samsung+Galaxy+S10&store=tyy%2F4io&srno=s_1_1&otracker=search&otracker1=search&fm=organic&iid=6611186f-e833-4174-82f9-039c99fc32bb.MOBFZXZ22CWZ2JZB.SEARCH&ppt=None&ppn=None&ssid=1i5rei5kw00000001626015205752&qH=8e78838d0b7698a3, https://www.flipkart.com/samsung-galaxy-s10-prism-white-512-gb/p/itmfdyp6ydvhczvg?pid=MOBFDNHARGTYX5YG&lid=LSTMOBFDNHARGTYX5YGZPHCFJ&marketplace=FLIPKART&q=Samsung+Galaxy+S10&store=tyy%2F4io&srno=s_1_2&otracker=search&otracker1=search&fm=organic&iid=6611186f-e833-4174-82f9-039c99fc32bb.MOBFDNHARGTYX5YG.SEARCH&ppt=None&ppn=None&ssid=1i5rei5kw00000001626015205752&qH=8e78838d0b7698a3, https://www.flipkart.com/samsung-galaxy-s21-plus-phantom-black-256-gb/p/itm1e8ce2b1729cf?pid=MOBFZ3TMAZGVZF5D&lid=LSTMOBFZ3TMAZGVZF5DQJFNGL&marketplace=FLIPKART&q=Samsung+Galaxy+S10&store=tyy%2F4io&srno=s_1_3&otracker=search&otracker1=search&fm=organic&iid=6611186f-e833-4174-82f9-039c99fc32bb.MOBFZ3TMAZGVZF5D.SEARCH&ppt=None&ppn=None&ssid=1i5rei5kw00000001626015205752&qH=8e78838d0b7698a3, https://www.flipkart.com/samsung-galaxy-s10-prism-blue-128-gb/p/itmfdyp6pajfhsvf?pid=MOBFDNHAYZYR5VXE&lid=LSTMOBFDNHAYZYR5VXEY81WFW&marketplace=FLIPKART&q=Samsung+Galaxy+S10&store=tyy%2F4io&srno=s_1_4&otracker=search&otracker1=search&fm=organic&iid=6611186f-e833-4174-82f9-039c99fc32bb.MOBFDNHAYZYR5VXE.SEARCH&ppt=None&ppn=None&ssid=1i5rei5kw00000001626015205752&qH=8e78838d0b7698a3, https://www.flipkart.com/samsung-galaxy-s9-plus-midnight-black-64-gb/p/itmf33a6baxzmzfq?pid=MOBF2VWVGZCF39YY&lid=LSTMOBF2VWVGZCF39YYKQAGBC&marketplace=FLIPKART&q=Samsung+Galaxy+S10&store=tyy%2F4io&srno=s_1_5&otracker=search&otracker1=search&fm=organic&iid=6611186f-e833-4174-82f9-039c99fc32bb.MOBF2VWVGZCF39YY.SEARCH&ppt=None&ppn=None&ssid=1i5rei5kw00000001626015205752&qH=8e78838d0b7698a3, https://www.flipkart.com/samsung-galaxy-s20-fe-cloud-lavender-128-gb/p/itm963c7deda5fe1?pid=MOBFWAVTM5YD3JNE&lid=LSTMOBFWAVTM5YD3JNERH5YQZ&marketplace=FLIPKART&q=Samsung+Galaxy+S10&store=tyy%2F4io&srno=s_1_6&otracker=search&otracker1=search&fm=organic&iid=6611186f-e833-4174-82f9-039c99fc32bb.MOBFWAVTM5YD3JNE.SEARCH&ppt=None&ppn=None&ssid=1i5rei5kw00000001626015205752&qH=8e78838d0b7698a3, https://www.flipkart.com/samsung-galaxy-s20-fe-cloud-navy-128-gb/p/itm90f8fb032ae3c?pid=MOBFWAVTQNMETGGG&lid=LSTMOBFWAVTQNMETGGGIJYV5O&marketplace=FLIPKART&q=Samsung+Galaxy+S10&store=tyy%2F4io&srno=s_1_7&otracker=search&otracker1=search&fm=organic&iid=6611186f-e833-4174-82f9-039c99fc32bb.MOBFWAVTQNMETGGG.SEARCH&ppt=None&ppn=None&ssid=1i5rei5kw00000001626015205752&qH=8e78838d0b7698a3, https://www.flipkart.com/samsung-galaxy-s20-fe-cloud-white-128-gb/p/itm43c3c96db2180?pid=MOBFWAVTMGYNUDHW&lid=LSTMOBFWAVTMGYNUDHW6E1W6T&marketplace=FLIPKART&q=Samsung+Galaxy+S10&store=tyy%2F4io&srno=s_1_8&otracker=search&otracker1=search&fm=organic&iid=6611186f-e833-4174-82f9-039c99fc32bb.MOBFWAVTMGYNUDHW.SEARCH&ppt=None&ppn=None&ssid=1i5rei5kw00000001626015205752&qH=8e78838d0b7698a3, https://www.flipkart.com/samsung-galaxy-s20-cosmic-gray-128-gb/p/itm7087be7ae167c?pid=MOBFZXZ25TPA68VH&lid=LSTMOBFZXZ25TPA68VHU5XEKN&marketplace=FLIPKART&q=Samsung+Galaxy+S10&store=tyy%2F4io&srno=s_1_9&otracker=search&otracker1=search&fm=organic&iid=6611186f-e833-4174-82f9-039c99fc32bb.MOBFZXZ25TPA68VH.SEARCH&ppt=None&ppn=None&ssid=1i5rei5kw00000001626015205752&qH=8e78838d0b7698a3, https://www.flipkart.com/samsung-galaxy-s20-fe-cloud-mint-128-gb/p/itm7fa1752323997?pid=MOBFWAVTKRH6GFQG&lid=LSTMOBFWAVTKRH6GFQGSBMVKF&marketplace=FLIPKART&q=Samsung+Galaxy+S10&store=tyy%2F4io&srno=s_1_10&otracker=search&otracker1=search&fm=organic&iid=6611186f-e833-4174-82f9-039c99fc32bb.MOBFWAVTKRH6GFQG.SEARCH&ppt=None&ppn=None&ssid=1i5rei5kw00000001626015205752&qH=8e78838d0b7698a3, https://www.flipkart.com/samsung-galaxy-a70s-prism-crush-red-128-gb/p/itmff05153bfcfa0?pid=MOBFKKGRHVDRVUY6&lid=LSTMOBFKKGRHVDRVUY6RCARTS&marketplace=FLIPKART&q=Samsung+Galaxy+S10&store=tyy%2F4io&srno=s_1_11&otracker=search&otracker1=search&fm=organic&iid=6611186f-e833-4174-82f9-039c99fc32bb.MOBFKKGRHVDRVUY6.SEARCH&ppt=None&ppn=None&ssid=1i5rei5kw00000001626015205752&qH=8e78838d0b7698a3, https://www.flipkart.com/samsung-galaxy-a70s-prism-crush-white-128-gb/p/itm57a85273f03b6?pid=MOBFKKGRJCHHRJS5&lid=LSTMOBFKKGRJCHHRJS5Z6YUTR&marketplace=FLIPKART&q=Samsung+Galaxy+S10&store=tyy%2F4io&srno=s_1_12&otracker=search&otracker1=search&fm=organic&iid=6611186f-e833-4174-82f9-039c99fc32bb.MOBFKKGRJCHHRJS5.SEARCH&ppt=None&ppn=None&ssid=1i5rei5kw00000001626015205752&qH=8e78838d0b7698a3, https://www.flipkart.com/samsung-m31s-mirage-blue-128-gb/p/itm3c444f9c5c566?pid=MOBFUZYBUZWNKB6G&lid=LSTMOBFUZYBUZWNKB6GI9XZ0W&marketplace=FLIPKART&q=Samsung+Galaxy+S10&store=tyy%2F4io&srno=s_1_13&otracker=search&otracker1=search&fm=organic&iid=6611186f-e833-4174-82f9-039c99fc32bb.MOBFUZYBUZWNKB6G.SEARCH&ppt=None&ppn=None&ssid=1i5rei5kw00000001626015205752&qH=8e78838d0b7698a3, https://www.flipkart.com/samsung-galaxy-m31s-mirage-black-128-gb/p/itm34ee37ee1d8a0?pid=MOBFVWCTZYMFQH3J&lid=LSTMOBFVWCTZYMFQH3JADK6JR&marketplace=FLIPKART&q=Samsung+Galaxy+S10&store=tyy%2F4io&srno=s_1_14&otracker=search&otracker1=search&fm=organic&iid=6611186f-e833-4174-82f9-039c99fc32bb.MOBFVWCTZYMFQH3J.SEARCH&ppt=None&ppn=None&ssid=1i5rei5kw00000001626015205752&qH=8e78838d0b7698a3, https://www.flipkart.com/samsung-galaxy-m31s-mirage-blue-128-gb/p/itmad022b9abd4b6?pid=MOBFUYMQUW5EKE7R&lid=LSTMOBFUYMQUW5EKE7RLIUFCT&marketplace=FLIPKART&q=Samsung+Galaxy+S10&store=tyy%2F4io&srno=s_1_15&otracker=search&otracker1=search&fm=organic&iid=6611186f-e833-4174-82f9-039c99fc32bb.MOBFUYMQUW5EKE7R.SEARCH&ppt=None&ppn=None&ssid=1i5rei5kw00000001626015205752&qH=8e78838d0b7698a3, https://www.flipkart.com/samsung-galaxy-m31s-mirage-black-128-gb/p/itmb9b4be5c16ee2?pid=MOBFV25HNQP3VNGP&lid=LSTMOBFV25HNQP3VNGPXBKWBL&marketplace=FLIPKART&q=Samsung+Galaxy+S10&store=tyy%2F4io&srno=s_1_16&otracker=search&otracker1=search&fm=organic&iid=6611186f-e833-4174-82f9-039c99fc32bb.MOBFV25HNQP3VNGP.SEARCH&ppt=None&ppn=None&ssid=1i5rei5kw00000001626015205752&qH=8e78838d0b7698a3, https://www.flipkart.com/samsung-galaxy-a21s-silver-128-gb/p/itm50164b698e22c?pid=MOBFWCFDGDW84W6G&lid=LSTMOBFWCFDGDW84W6GC3VIAZ&marketplace=FLIPKART&q=Samsung+Galaxy+S10&store=tyy%2F4io&srno=s_1_17&otracker=search&otracker1=search&fm=organic&iid=6611186f-e833-4174-82f9-039c99fc32bb.MOBFWCFDGDW84W6G.SEARCH&ppt=None&ppn=None&ssid=1i5rei5kw00000001626015205752&qH=8e78838d0b7698a3, https://www.flipkart.com/samsung-galaxy-a21s-blue-128-gb/p/itm9b1380dccb8dc?pid=MOBFWCFDZWGKHXNG&lid=LSTMOBFWCFDZWGKHXNGRN8EX0&marketplace=FLIPKART&q=Samsung+Galaxy+S10&store=tyy%2F4io&srno=s_1_18&otracker=search&otracker1=search&fm=organic&iid=6611186f-e833-4174-82f9-039c99fc32bb.MOBFWCFDZWGKHXNG.SEARCH&ppt=None&ppn=None&ssid=1i5rei5kw00000001626015205752&qH=8e78838d0b7698a3, https://www.flipkart.com/samsung-galaxy-a21s-white-64-gb/p/itmcdf5214511a42?pid=MOBFSFMJFZDCCQZT&lid=LSTMOBFSFMJFZDCCQZTGGPFUH&marketplace=FLIPKART&q=Samsung+Galaxy+S10&store=tyy%2F4io&srno=s_1_19&otracker=search&otracker1=search&fm=organic&iid=6611186f-e833-4174-82f9-039c99fc32bb.MOBFSFMJFZDCCQZT.SEARCH&ppt=None&ppn=None&ssid=1i5rei5kw00000001626015205752&qH=8e78838d0b7698a3, https://www.flipkart.com/samsung-galaxy-a21s-black-64-gb/p/itm32c75908268b4?pid=MOBFSFMJ7F9YHGGC&lid=LSTMOBFSFMJ7F9YHGGCV9TAFC&marketplace=FLIPKART&q=Samsung+Galaxy+S10&store=tyy%2F4io&srno=s_1_20&otracker=search&otracker1=search&fm=organic&iid=6611186f-e833-4174-82f9-039c99fc32bb.MOBFSFMJ7F9YHGGC.SEARCH&ppt=None&ppn=None&ssid=1i5rei5kw00000001626015205752&qH=8e78838d0b7698a3, https://www.flipkart.com/samsung-galaxy-a21s-black-64-gb/p/itme5f657d8935df?pid=MOBFSFMJZVFVNDAG&lid=LSTMOBFSFMJZVFVNDAGZPIYUK&marketplace=FLIPKART&q=Samsung+Galaxy+S10&store=tyy%2F4io&srno=s_1_21&otracker=search&otracker1=search&fm=organic&iid=6611186f-e833-4174-82f9-039c99fc32bb.MOBFSFMJZVFVNDAG.SEARCH&ppt=None&ppn=None&ssid=1i5rei5kw00000001626015205752&qH=8e78838d0b7698a3, https://www.flipkart.com/samsung-galaxy-f02s-diamond-white-64-gb/p/itm13ea380ea1fc4?pid=MOBGFG79NWTZMMHY&lid=LSTMOBGFG79NWTZMMHYAUBTRZ&marketplace=FLIPKART&q=Samsung+Galaxy+S10&store=tyy%2F4io&srno=s_1_22&otracker=search&otracker1=search&fm=organic&iid=6611186f-e833-4174-82f9-039c99fc32bb.MOBGFG79NWTZMMHY.SEARCH&ppt=None&ppn=None&ssid=1i5rei5kw00000001626015205752&qH=8e78838d0b7698a3, https://www.flipkart.com/samsung-galaxy-f02s-diamond-blue-64-gb/p/itm18eea4bb2059c?pid=MOBGFG79FKRYJ8D4&lid=LSTMOBGFG79FKRYJ8D4E6XNLA&marketplace=FLIPKART&q=Samsung+Galaxy+S10&store=tyy%2F4io&srno=s_1_23&otracker=search&otracker1=search&fm=organic&iid=6611186f-e833-4174-82f9-039c99fc32bb.MOBGFG79FKRYJ8D4.SEARCH&ppt=None&ppn=None&ssid=1i5rei5kw00000001626015205752&qH=8e78838d0b7698a3, https://www.flipkart.com/samsung-galaxy-f02s-diamond-black-64-gb/p/itm9bd7eed56f2cf?pid=MOBGFG79NYAKZFH5&lid=LSTMOBGFG79NYAKZFH57TJ6C3&marketplace=FLIPKART&q=Samsung+Galaxy+S10&store=tyy%2F4io&srno=s_1_24&otracker=search&otracker1=search&fm=organic&iid=6611186f-e833-4174-82f9-039c99fc32bb.MOBGFG79NYAKZFH5.SEARCH&ppt=None&ppn=None&ssid=1i5rei5kw00000001626015205752&qH=8e78838d0b7698a3]
]]></system-out>
  <system-err><![CDATA[Jul 11, 2021 8:22:13 PM org.openqa.selenium.remote.ProtocolHandshake createSession
INFO: Detected dialect: W3C
]]></system-err>
</testsuite>
